PRPRPRPRPRRRRRSSSSSSSSSSSSSSSSSSS
PRPRPRPRPRPRPRPRRRRRRRRRRRRRRRSSS
PRPRPRPRPRPRPRPRPRPRPRPRPRPRPRSP
PRPRPRPRPRPRPRPRRRRRRRSSSSSSSSSSS
PRPRPRPRPRPRPRPRPPPPPPPPPPPPSSSP
PRPRPPPPPPSSSSSSSSSSSSSSSSSSSSSP
PRPRPRPRPRPRPRPRRRRRRRRRRRRRRRSSS
PRPRPRPRPRPRPRRRRRRRRRRRRRSSSSSSS
PRPRPRPRPRPRPPPPPPSSSSSSSSSSSSSS
PRPRPRPRPRPRPRPRRRRRRRRRSSSSSSSSS
PRPRPRPPPPPPPPPPPPPPPPPPPPPPPPSS
PRPRPRPRPRPRPRPRRRRRRRRRRRRRRRSSS
PRPRPRPRRRRRSSSSSSSSSSSSSSSSSSSS
PRPRPRPRPRPRRRRRRRRRSSSSSSSSSSSSS
PRPRPRPRPRPRPRPRPRRRRRRRRRRRRRSSS
PRPRPRPRPRPRPRPRPRPRPRPRPRPRPRSS
PRPRPRPRRRRRRRRRSSSSSSSSSSSSSSSSS
PRPRPRPPPPPPPPPPPPPPPPPPPPSSSSSS
PRPRPRPRPRPRPRPRPRPRPRPRPRPRPRSP
PRPRPRPRPRPRPRPRPRRRRRRRRRRRRRRRS
PRPRPRPRPRPRSSSSSSSSSSSSSSSSSSSP
PRPRPRPRPRPPPPPPPPPPPPPPSSSSSSSS
PRPPPPPPPPSSSSSSSSSSSSSSSSSSSSSS
PRPRPRPRPRPRPRPRPRPRRRRRRRRRSSSS
PRPRPRPRPRPRPRRRRRRRRRSSSSSSSSSS
PRPRPRPRPRSSSSSSSSSSSSSSSSSSSSSP
PRPRPRPRPRPRPRPRRRRRRRSSSSSSSSSS
PRPRPRPRPRPPPPPPSSSSSSSSSSSSSSSP
PRPRPRPRPRPRPRPRPRRRRRSSSSSSSSSS
PRPRPRPRPRPRPRPRPRPRRRRRRRRRRRSS
PRPRPRPRPRPRPPSSSSSSSSSSSSSSSSSP
PRPRPRPRPPPPPPPPPPPPPPSSSSSSSSSP
PRPRPRPPPPSSSSSSSSSSSSSSSSSSSSSS
PRPRPRPRPRPRPRPRPRPRPRPRRRRRRRSSS
PRPRPRPRPRPRPRSSSSSSSSSSSSSSSSSP
PRPRPRPPPPPPPPPPPPPPPPPPPPPPSSSP
PRPRPRPRPRPPPPPPPPPPPPPPSSSSSSSS
PRPRPRPRPRPRPRPRPPPPPPPPPPPPPPSP
PRPRPRPRPRPRPRPRPRRRRRRRRRSSSSSSS
PRPRPRPPPPPPPPPPPPPPPPPPPPPPSSSS
PRPRPRPRPRPRPRPRPRRRRRSSSSSSSSSS
PRPRPRPRPRPRPRPRPRPRRRRRRRRRRRSSS
PRPRPRPRPRPRPRPRPRPRPRPPSSSSSSSP
PRPRPPPPPPPPPPPPPPPPSSSSSSSSSSSS
PRPPPPPPSSSSSSSSSSSSSSSSSSSSSSSP
PRPRPRPRPRPRPRPRPRPRPRRRSSSSSSSSS
PRPPPPPPPPPPPPPPPPPPPPPPSSSSSSSP
PRPRPRPRPRPRPPPPPPPPPPPPPPPPSSSS
PRPRPRPRPRPRPRPRPRRRRRRRRRRRSSSS
PRPRPPPPPPPPPPPPPPPPPPPPPPSSSSSS
