PRPRPRPRPRPRPRRRRRRRRRRRRRSSSSSS
PRPRPRPRPRPRPRPRPRRRRRRRRRRRRRRRS
PRPRPRPRPRPRPRRRRRRRRRRRRRRRSSSSS
PRPRPRPRPRPRPRPRPRPRPRPRPRRRRRRRS
PRPRPRPRPRPRPRPRPRPRPRPRPRPPPPSS
PRPRPRPRPRPRPRPRPRRRRRRRRRRRRRRRS
PRPRPRPRPRPRPRPRPRPRPRSSSSSSSSSS
PRPRPPPPPPPPPPPPPPSSSSSSSSSSSSSP
PRPRPPPPPPPPPPPPPPSSSSSSSSSSSSSS
PRPRPRPRPRPRSSSSSSSSSSSSSSSSSSSP
PRPRPRPRPRPRPRPRPRPRRRRRRRRRSSSSS
PRPRPRPRPRPRPRPRPRPRPRPRPRSSSSSP
PRPRPPPPSSSSSSSSSSSSSSSSSSSSSSSS
PRPRPRPRPRPRPRPRPRPRPRRRRRRRSSSSS
PRPRPRPRPRPRPRRRRRRRRRRRRRRRSSSSS
PRPRPRPRPRPPPPPPPPSSSSSSSSSSSSSS
PRPRPRPPPPSSSSSSSSSSSSSSSSSSSSSP
PRPRPRPRRRRRRRRRSSSSSSSSSSSSSSSS
PRPRPRPRPRPPPPPPPPPPPPPPPPPPSSSP
PRPPPPPPPPPPPPPPPPPPPPSSSSSSSSSP
PRPRPRPRPRPRPRPRPRRRRRRRRRRRRRSS
PRPRPRPRPRPRPRPRPRRRRRRRRRRRSSSSS
PRPRPRPRRRSSSSSSSSSSSSSSSSSSSSSSS
PRPRPRPRPRPRRRSSSSSSSSSSSSSSSSSS
PRPPPPPPPPPPPPPPPPPPPPPPPPPPSSSP
PRPRPRPRPRPRPRPRPRPRPRRRRRSSSSSSS
PRPRPRPRPRPRPRPRRRSSSSSSSSSSSSSS
PRPRPRPPPPPPSSSSSSSSSSSSSSSSSSSP
PRPRPRPRPRPRPRPRRRRRRRRRRRRRSSSSS
PRPRPRPRPRPRPRPRPRPRPRPPSSSSSSSS
PRPRPRPRPRPRPRPRPRPRPRPRPRPPSSSP
PRPRPRPRPRRRSSSSSSSSSSSSSSSSSSSSS
PRPRPRPRPRPRPRPRPRPRPRRRRRRRSSSS
PRPRPRPRPPPPPPPPPPPPPPSSSSSSSSSS
PRPRPRPRPRPRPRPRPRPRPRPRRRRRRRRRS
PRPRPRPRPRPRPRPRPPPPPPPPPPSSSSSP
PRPRPRPRPRPRPRPRPRPRPRPRRRRRRRSSS
PRPRPRPRPRPRPRRRRRRRRRSSSSSSSSSSS
PRPRPRPRPRPRPRPRPRPRPRRRRRSSSSSS
PRPRPRPRPRPRPRPRPRPRPRRRRRRRRRSS
PRPRPRPRPRPRPRPRPRPRPRPPSSSSSSSS
PRPRPRPRPRPRPRSSSSSSSSSSSSSSSSSP
PRPRPPPPPPPPPPPPPPSSSSSSSSSSSSSP
PRPRPRPRPRPRPRRRRRRRRRSSSSSSSSSS
PRPRPRPRPRPRPRPRPRRRRRRRSSSSSSSSS
PRPRPRPRPRPPPPSSSSSSSSSSSSSSSSSS
PRPRPRPRRRRRSSSSSSSSSSSSSSSSSSSS
PRPRPRPRPRPRPRPRRRRRRRRRSSSSSSSSS
PRPRPRPRPRPRPRPRPRPRPRPRPRPRPRSS
PRPRPRPRRRRRRRRRSSSSSSSSSSSSSSSS
